EV:
0 1
0 2
0 3
1 3
2 3
DOFTranslationMap
-1 -1 -1
-1 -1 -1
-1 -1 -1
 0  1  2
Beginnig Assembly Of Stiffness Matrix.
clamped 0: 0
clamped 1: 0
clamped 2: 0
R: 
 0.2  0.9  0.8
 0.8  0.1  0.2
 0.8  0.6 -0.8
H: 
     -10        0        0        0      -10        0
       0 -14.1421        0        0        0 -14.1421
       0        0      -10      -10        0        0
C: 
       0        0       10       -0       -0      -10       -0       -0       -0        0        0        0        0        0        0        0        0        0
      -0       -0 -7.07107        0        0  14.1421       -0       -0 -7.07107        0        0        0        0        0        0        0        0        0
      -0       -0       -0       -0       -0      -10        0        0       10        0        0        0        0        0        0        0        0        0
       0        0        0        0        0       10       -0       -0      -10       -0       -0       -0       -0       -0       -0       -0       -0       -0
      -0       -0      -10        0        0       10        0        0        0       -0       -0       -0       -0       -0       -0       -0       -0       -0
      -0        0 -7.07107        0        0        0       -0        0 -7.07107        0        0        0        0        0        0        0       -0  14.1421
HC: 
   0    0    0    0    0    0    0    0    0    0    0    0    0    0    0    0    0    0
   0    0  200    0    0 -200    0    0  200    0    0    0    0    0    0    0    0 -200
   0    0    0    0    0    0    0    0    0    0    0    0    0    0    0    0    0    0
B: 
   0    0  180    0    0 -180    0    0  180    0    0    0    0    0    0    0    0 -180
   0    0   20    0    0  -20    0    0   20    0    0    0    0    0    0    0    0  -20
   0    0  120    0    0 -120    0    0  120    0    0    0    0    0    0    0    0 -120
--------------------------------------------------------------------------
vertices[0]: 0.1
0.1
  0
vertices[1]:   0
0.1
  0
vertices[2]: 0
0
0
centroid: 0.0333333
0.0666667
        0
neighborExists[0]: 0
neighborExists[1]: 0
neighborExists[2]: 1
neighborVertices[0]: 3.95253e-323
9.02818e-312
5.43472e-323
neighborVertices[1]: 6.95272e-310
9.02425e-312
6.95272e-310
neighborVertices[2]: 0.1
  0
  0

--------------------------------------------------------------------------
Element: 
heights[0]: 0.1
heights[1]: 0.0707107
heights[2]: 0.1
cosine[0]: 0.707107
cosine[1]: 0
cosine[2]: 0.707107
c[0]: -0.447214
c[1]: 0.948683
c[2]: -0.894427
s[0]: -0.894427
s[1]: 0.316228
s[2]: 0.447214
axes[0]: 
 0.447214
-0.894427
        0
axes[1]: 
0.894427
0.447214
       0
axes[2]: 
0
0
1
area: 0.005
--------------------------------------------------------------------------
Neighbors: 
neighbor[0]
heightArr[0]: 2.69552e-312
heightArr[1]: 6.95282e-310
heightArr[2]: 2.69493e-312
cosineArr[0]: 2.69552e-312
cosineArr[1]: 0
cosineArr[2]: 0
height: 2.69552e-312
normal: 
6.95282e-310
           0
           0

neighbor[1]
heightArr[0]: -nan
heightArr[1]: 0
heightArr[2]: 1.5915e-314
cosineArr[0]: 6.95282e-310
cosineArr[1]: 0
cosineArr[2]: 2.69552e-312
height: 0
normal: 
6.95282e-310
2.69552e-312
6.95153e-310

neighbor[2]
heightArr[0]: 0.1
heightArr[1]: 0
heightArr[2]: 0.1
cosineArr[0]: 0.707107
cosineArr[1]: -2.00011
cosineArr[2]: 0.707107
height: 0.0707107
normal: 
 0
-0
 1

--------------------------------------------------------------------------

De: 
 18.315 5.49451       0
5.49451  18.315       0
      0       0 6.41026
Bm: 
  2  -4   0  -6  12  -0   4  -8   0
  8   4   0  -4  -2  -0  -4  -2  -0
  8  -6   0 -14  -2  -0   6   8  -0
Kem: 
 0.00915751 -2.1684e-19           0 -0.00915751  0.00274725           0  2.1684e-19 -0.00274725           0
          0  0.00320513           0  0.00320513 -0.00320513           0 -0.00320513           0           0
          0           0           0           0           0           0           0           0           0
-0.00915751  0.00320513           0   0.0123626 -0.00595238           0 -0.00320513  0.00274725           0
 0.00274725 -0.00320513           0 -0.00595238   0.0123626           0  0.00320513 -0.00915751           0
          0           0           0           0           0           0           0           0           0
          0 -0.00320513           0 -0.00320513  0.00320513           0  0.00320513           0           0
-0.00274725 -2.1684e-19           0  0.00274725 -0.00915751           0  2.1684e-19  0.00915751           0
          0           0           0           0           0           0           0           0           0
Ke: 
 0.00915751 -2.1684e-19           0 -0.00915751  0.00274725           0  2.1684e-19 -0.00274725           0           0           0           0           0           0           0           0           0           0
          0  0.00320513           0  0.00320513 -0.00320513           0 -0.00320513           0           0           0           0           0           0           0           0           0           0           0
          0           0       3.663           0           0      -3.663           0           0       3.663           0           0           0           0           0           0           0           0      -3.663
-0.00915751  0.00320513           0   0.0123626 -0.00595238           0 -0.00320513  0.00274725           0           0           0           0           0           0           0           0           0           0
 0.00274725 -0.00320513           0 -0.00595238   0.0123626           0  0.00320513 -0.00915751           0           0           0           0           0           0           0           0           0           0
          0           0      -3.663           0           0       3.663           0           0      -3.663           0           0           0           0           0           0           0           0       3.663
          0 -0.00320513           0 -0.00320513  0.00320513           0  0.00320513           0           0           0           0           0           0           0           0           0           0           0
-0.00274725 -2.1684e-19           0  0.00274725 -0.00915751           0  2.1684e-19  0.00915751           0           0           0           0           0           0           0           0           0           0
          0           0       3.663           0           0      -3.663           0           0       3.663           0           0           0           0           0           0           0           0      -3.663
          0           0           0           0           0           0           0           0           0           0           0           0           0           0           0           0           0           0
          0           0           0           0           0           0           0           0           0           0           0           0           0           0           0           0           0           0
          0           0           0           0           0           0           0           0           0           0           0           0           0           0           0           0           0           0
          0           0           0           0           0           0           0           0           0           0           0           0           0           0           0           0           0           0
          0           0           0           0           0           0           0           0           0           0           0           0           0           0           0           0           0           0
          0           0           0           0           0           0           0           0           0           0           0           0           0           0           0           0           0           0
          0           0           0           0           0           0           0           0           0           0           0           0           0           0           0           0           0           0
          0           0           0           0           0           0           0           0           0           0           0           0           0           0           0           0           0           0
          0           0      -3.663           0           0       3.663           0           0      -3.663           0           0           0           0           0           0           0           0       3.663
--------------------------------------------------------------------------
clamped 0: 0
clamped 1: 0
clamped 2: 0
R: 
 0.2  0.8  0.9
 0.8  0.2  0.1
-0.8  0.8 -0.6
H: 
     -10        0        0        0      -10        0
       0      -10        0        0        0      -10
       0        0 -14.1421 -14.1421        0        0
C: 
       0        0       10       -0       -0       -0       -0       -0      -10        0        0        0        0        0        0        0        0        0
      -0       -0       -0        0        0       10       -0       -0      -10        0        0        0        0        0        0        0        0        0
      -0       -0 -7.07107       -0       -0 -7.07107        0        0  14.1421        0        0        0        0        0        0        0        0        0
       0       -0 -7.07107        0       -0 -7.07107        0        0        0       -0        0  14.1421        0        0        0        0        0        0
      -0       -0      -10        0        0        0        0        0       10       -0       -0       -0       -0       -0       -0       -0       -0       -0
       0        0        0       -0       -0      -10        0        0       10       -0       -0       -0       -0       -0       -0       -0       -0       -0
HC: 
   0    0    0    0    0    0    0    0    0    0    0    0    0    0    0    0    0    0
   0    0    0    0    0    0    0    0    0    0    0    0    0    0    0    0    0    0
   0    0  200    0    0  200    0    0 -200    0    0 -200    0    0    0    0    0    0
B: 
   0    0  180    0    0  180    0    0 -180    0    0 -180    0    0    0    0    0    0
   0    0   20    0    0   20    0    0  -20    0    0  -20    0    0    0    0    0    0
   0    0 -120    0    0 -120    0    0  120    0    0  120    0    0    0    0    0    0
--------------------------------------------------------------------------
vertices[0]: 0.1
0.1
  0
vertices[1]: 0
0
0
vertices[2]: 0.1
  0
  0
centroid: 0.0666667
0.0333333
        0
neighborExists[0]: 1
neighborExists[1]: 0
neighborExists[2]: 0
neighborVertices[0]:   0
0.1
  0
neighborVertices[1]: 6.95272e-310
9.02425e-312
6.95272e-310
neighborVertices[2]: 0.1
  0
  0

--------------------------------------------------------------------------
Element: 
heights[0]: 0.1
heights[1]: 0.1
heights[2]: 0.0707107
cosine[0]: 0.707107
cosine[1]: 0.707107
cosine[2]: 0
c[0]: 0.447214
c[1]: 0.894427
c[2]: -0.948683
s[0]: -0.894427
s[1]: 0.447214
s[2]: 0.316228
axes[0]: 
 0.894427
-0.447214
        0
axes[1]: 
0.447214
0.894427
       0
axes[2]: 
0
0
1
area: 0.005
--------------------------------------------------------------------------
Neighbors: 
neighbor[0]
heightArr[0]: 0.1
heightArr[1]: 0.1
heightArr[2]: 2.69493e-312
cosineArr[0]: 0.707107
cosineArr[1]: 0.707107
cosineArr[2]: 0
height: 0.0707107
normal: 
-0
 0
 1

neighbor[1]
heightArr[0]: -nan
heightArr[1]: 0
heightArr[2]: 1.5915e-314
cosineArr[0]: 6.95282e-310
cosineArr[1]: 0
cosineArr[2]: 2.69552e-312
height: 0
normal: 
6.95282e-310
2.69552e-312
6.95153e-310

neighbor[2]
heightArr[0]: 0.1
heightArr[1]: 0
heightArr[2]: 0.1
cosineArr[0]: 0.707107
cosineArr[1]: -2.00011
cosineArr[2]: 0.707107
height: 0.0707107
normal: 
 0
-0
 1

--------------------------------------------------------------------------

De: 
 18.315 5.49451       0
5.49451  18.315       0
      0       0 6.41026
Bm: 
-4  2 -0 -8  4 -0 12 -6  0
 4  8  0 -2 -4 -0 -2 -4 -0
 6 -8 -0 -8 -6 -0  2 14 -0
Kem: 
 0.00320513           0           0           0 -0.00320513           0 -0.00320513  0.00320513           0
-2.1684e-19  0.00915751           0 -0.00274725  2.1684e-19           0  0.00274725 -0.00915751           0
          0           0           0           0           0           0           0           0           0
-2.1684e-19 -0.00274725           0  0.00915751  2.1684e-19           0 -0.00915751  0.00274725           0
-0.00320513           0           0           0  0.00320513           0  0.00320513 -0.00320513           0
          0           0           0           0           0           0           0           0           0
-0.00320513  0.00274725           0 -0.00915751  0.00320513           0   0.0123626 -0.00595238           0
 0.00320513 -0.00915751           0  0.00274725 -0.00320513           0 -0.00595238   0.0123626           0
          0           0           0           0           0           0           0           0           0
Ke: 
 0.00320513           0           0           0 -0.00320513           0 -0.00320513  0.00320513           0           0           0           0           0           0           0           0           0           0
-2.1684e-19  0.00915751           0 -0.00274725  2.1684e-19           0  0.00274725 -0.00915751           0           0           0           0           0           0           0           0           0           0
          0           0       3.663           0           0       3.663           0           0      -3.663           0           0      -3.663           0           0           0           0           0           0
-2.1684e-19 -0.00274725           0  0.00915751  2.1684e-19           0 -0.00915751  0.00274725           0           0           0           0           0           0           0           0           0           0
-0.00320513           0           0           0  0.00320513           0  0.00320513 -0.00320513           0           0           0           0           0           0           0           0           0           0
          0           0       3.663           0           0       3.663           0           0      -3.663           0           0      -3.663           0           0           0           0           0           0
-0.00320513  0.00274725           0 -0.00915751  0.00320513           0   0.0123626 -0.00595238           0           0           0           0           0           0           0           0           0           0
 0.00320513 -0.00915751           0  0.00274725 -0.00320513           0 -0.00595238   0.0123626           0           0           0           0           0           0           0           0           0           0
          0           0      -3.663           0           0      -3.663           0           0       3.663           0           0       3.663           0           0           0           0           0           0
          0           0           0           0           0           0           0           0           0           0           0           0           0           0           0           0           0           0
          0           0           0           0           0           0           0           0           0           0           0           0           0           0           0           0           0           0
          0           0      -3.663           0           0      -3.663           0           0       3.663           0           0       3.663           0           0           0           0           0           0
          0           0           0           0           0           0           0           0           0           0           0           0           0           0           0           0           0           0
          0           0           0           0           0           0           0           0           0           0           0           0           0           0           0           0           0           0
          0           0           0           0           0           0           0           0           0           0           0           0           0           0           0           0           0           0
          0           0           0           0           0           0           0           0           0           0           0           0           0           0           0           0           0           0
          0           0           0           0           0           0           0           0           0           0           0           0           0           0           0           0           0           0
          0           0           0           0           0           0           0           0           0           0           0           0           0           0           0           0           0           0
--------------------------------------------------------------------------
Beginnig Solve
Stiffness Matrix:
Nonzero entries:
(0.0123626,0) (2.1684e-19,1) (0,2) (2.1684e-19,0) (0.0123626,1) (0,2) (0,0) (0,1) (7.32601,2) 

Outer pointers:
0 3 6  $

0.0123626 2.1684e-19 0 
2.1684e-19 0.0123626 0 
0 0 7.32601 

Force Vector:
 0
 0
-1
# Iterations: 0
Estimated Error: 0
clamped 0: 0
clamped 1: 0
clamped 2: 0
R: 
 0.2  0.9  0.8
 0.8  0.1  0.2
 0.8  0.6 -0.8
H: 
     -10        0        0        0      -10        0
       0 -14.1421        0        0        0 -14.1421
       0        0      -10      -10        0        0
C: 
       0        0       10       -0       -0      -10       -0       -0       -0        0        0        0        0        0        0        0        0        0
      -0       -0 -7.07107        0        0  14.1421       -0       -0 -7.07107        0        0        0        0        0        0        0        0        0
      -0       -0       -0       -0       -0      -10        0        0       10        0        0        0        0        0        0        0        0        0
       0        0        0        0        0       10       -0       -0      -10       -0       -0       -0       -0       -0       -0       -0       -0       -0
      -0       -0      -10        0        0       10        0        0        0       -0       -0       -0       -0       -0       -0       -0       -0       -0
      -0        0 -7.07107        0        0        0       -0        0 -7.07107        0        0        0        0        0        0        0       -0  14.1421
HC: 
   0    0    0    0    0    0    0    0    0    0    0    0    0    0    0    0    0    0
   0    0  200    0    0 -200    0    0  200    0    0    0    0    0    0    0    0 -200
   0    0    0    0    0    0    0    0    0    0    0    0    0    0    0    0    0    0
B: 
   0    0  180    0    0 -180    0    0  180    0    0    0    0    0    0    0    0 -180
   0    0   20    0    0  -20    0    0   20    0    0    0    0    0    0    0    0  -20
   0    0  120    0    0 -120    0    0  120    0    0    0    0    0    0    0    0 -120
--------------------------------------------------------------------------
calculateVonMisesStress
elemParam 
--------------------------------------------------------------------------
Element: 
heights[0]: 0.1
heights[1]: 0.0707107
heights[2]: 0.1
cosine[0]: 0.707107
cosine[1]: 0
cosine[2]: 0.707107
c[0]: -0.447214
c[1]: 0.948683
c[2]: -0.894427
s[0]: -0.894427
s[1]: 0.316228
s[2]: 0.447214
axes[0]: 
 0.447214
-0.894427
        0
axes[1]: 
0.894427
0.447214
       0
axes[2]: 
0
0
1
area: 0.005
--------------------------------------------------------------------------
Neighbors: 
neighbor[0]
heightArr[0]: 1.13927e-309
heightArr[1]: 0
heightArr[2]: 9.02425e-312
cosineArr[0]: 2.69552e-312
cosineArr[1]: 1.4822e-323
cosineArr[2]: 2.69552e-312
height: 4.82049e-314
normal: 
9.02425e-312
2.69552e-312
9.88131e-324

neighbor[1]
heightArr[0]: 9.88131e-324
heightArr[1]: 2.69552e-312
heightArr[2]: 0
cosineArr[0]: 6.95153e-310
cosineArr[1]: 1.4822e-323
cosineArr[2]: 2.69552e-312
height: 4.94066e-324
normal: 
           0
4.94066e-324
2.69552e-312

neighbor[2]
heightArr[0]: 0.1
heightArr[1]: 2.69552e-312
heightArr[2]: 0.1
cosineArr[0]: 0.707107
cosineArr[1]: 0
cosineArr[2]: 0.707107
height: 0.0707107
normal: 
 0
-0
 1

--------------------------------------------------------------------------

Bm 
  2  -4   0  -6  12  -0   4  -8   0
  8   4   0  -4  -2  -0  -4  -2  -0
  8  -6   0 -14  -2  -0   6   8  -0
displacements 
      0
      0
      0
      0
      0
      0
      0
      0
-0.1365
      0
      0
      0
      0
      0
      0
      0
      0
      0
Strain: 
-24.57
 -2.73
-16.38
Stress: 
-465
-185
-105
vonMisesStress: 197500
--------------------------------------------------------------------------
clamped 0: 0
clamped 1: 0
clamped 2: 0
R: 
 0.2  0.8  0.9
 0.8  0.2  0.1
-0.8  0.8 -0.6
H: 
     -10        0        0        0      -10        0
       0      -10        0        0        0      -10
       0        0 -14.1421 -14.1421        0        0
C: 
       0        0       10       -0       -0       -0       -0       -0      -10        0        0        0        0        0        0        0        0        0
      -0       -0       -0        0        0       10       -0       -0      -10        0        0        0        0        0        0        0        0        0
      -0       -0 -7.07107       -0       -0 -7.07107        0        0  14.1421        0        0        0        0        0        0        0        0        0
       0       -0 -7.07107        0       -0 -7.07107        0        0        0       -0        0  14.1421        0        0        0        0        0        0
      -0       -0      -10        0        0        0        0        0       10       -0       -0       -0       -0       -0       -0       -0       -0       -0
       0        0        0       -0       -0      -10        0        0       10       -0       -0       -0       -0       -0       -0       -0       -0       -0
HC: 
   0    0    0    0    0    0    0    0    0    0    0    0    0    0    0    0    0    0
   0    0    0    0    0    0    0    0    0    0    0    0    0    0    0    0    0    0
   0    0  200    0    0  200    0    0 -200    0    0 -200    0    0    0    0    0    0
B: 
   0    0  180    0    0  180    0    0 -180    0    0 -180    0    0    0    0    0    0
   0    0   20    0    0   20    0    0  -20    0    0  -20    0    0    0    0    0    0
   0    0 -120    0    0 -120    0    0  120    0    0  120    0    0    0    0    0    0
--------------------------------------------------------------------------
calculateVonMisesStress
elemParam 
--------------------------------------------------------------------------
Element: 
heights[0]: 0.1
heights[1]: 0.1
heights[2]: 0.0707107
cosine[0]: 0.707107
cosine[1]: 0.707107
cosine[2]: 0
c[0]: 0.447214
c[1]: 0.894427
c[2]: -0.948683
s[0]: -0.894427
s[1]: 0.447214
s[2]: 0.316228
axes[0]: 
 0.894427
-0.447214
        0
axes[1]: 
0.447214
0.894427
       0
axes[2]: 
0
0
1
area: 0.005
--------------------------------------------------------------------------
Neighbors: 
neighbor[0]
heightArr[0]: 0.1
heightArr[1]: 0.1
heightArr[2]: 9.02425e-312
cosineArr[0]: 0.707107
cosineArr[1]: 0.707107
cosineArr[2]: 2.69552e-312
height: 0.0707107
normal: 
-0
 0
 1

neighbor[1]
heightArr[0]: 0
heightArr[1]: 2.69552e-312
heightArr[2]: 4.94066e-324
cosineArr[0]: 6.95153e-310
cosineArr[1]: 1.4822e-323
cosineArr[2]: 2.69552e-312
height: 0
normal: 
           0
4.94066e-324
2.69552e-312

neighbor[2]
heightArr[0]: 1.18576e-322
heightArr[1]: 2.69552e-312
heightArr[2]: 2.69552e-312
cosineArr[0]: 0
cosineArr[1]: 0.1
cosineArr[2]: 0
height: 4.94066e-324
normal: 
           0
  2.122e-314
2.69552e-312

--------------------------------------------------------------------------

Bm 
-4  2 -0 -8  4 -0 12 -6  0
 4  8  0 -2 -4 -0 -2 -4 -0
 6 -8 -0 -8 -6 -0  2 14 -0
displacements 
      0
      0
      0
      0
      0
-0.1365
      0
      0
      0
      0
      0
      0
      0
      0
      0
      0
      0
      0
Strain: 
-24.57
 -2.73
 16.38
Stress: 
-465
-185
 105
vonMisesStress: 197500
--------------------------------------------------------------------------
--------------------------------------------------------------------------
Num of Vertices: 4
Num of Triangles: 2
--------------------------------------------------------------------------
Displacements: 
      0       0       0
      0       0       0
      0       0       0
      0       0 -0.1365
--------------------------------------------------------------------------
Displaced Vertices:
    0.1     0.1       0
      0     0.1       0
    0.1       0       0
      0       0 -0.1365
--------------------------------------------------------------------------
Von-Mises Stress:
197500
197500
--------------------------------------------------------------------------
igl::opengl::glfw::Viewer usage:
  [drag]  Rotate scene
  A,a     Toggle animation (tight draw loop)
  D,d     Toggle double sided lighting
  F,f     Toggle face based
  I,i     Toggle invert normals
  L,l     Toggle wireframe
  O,o     Toggle orthographic/perspective projection
  T,t     Toggle filled faces
  Z       Snap to canonical view
  [,]     Toggle between rotation control types (trackball, two-axis
          valuator with fixed up, 2D mode with no rotation))
  <,>     Toggle between models
  ;       Toggle vertex labels
  :       Toggle face labels
